<?xml version="1.0" encoding="UTF-8"?>
<!-- Generated by org.testng.reporters.JUnitXMLReporter -->
<testsuite hostname="GLB-D0248" name="Default test" tests="6" failures="0" timestamp="18 Jul 2014 12:36:00 GMT" time="55.167" errors="0">
  <testcase name="checkDateTime" time="4.082" classname="com.globant.training.david_goldes.tests.Tests"/>
  <testcase name="checkTitle" time="2.095" classname="com.globant.training.david_goldes.tests.Tests"/>
  <testcase name="contactUs" time="7.157" classname="com.globant.training.david_goldes.tests.Tests"/>
  <testcase name="contactUsWithFail" time="9.494" classname="com.globant.training.david_goldes.tests.Tests"/>
  <testcase name="countPosts" time="5.81" classname="com.globant.training.david_goldes.tests.Tests"/>
  <testcase name="doSearch" time="3.874" classname="com.globant.training.david_goldes.tests.Tests"/>
</testsuite> <!-- Default test -->
