<?xml version="1.0" encoding="UTF-8"?>
<testng-results skipped="0" failed="0" total="1" passed="1">
  <reporter-output>
    <line>
      <![CDATA[Entering Homepage<br/>]]>
    </line>
    <line>
      <![CDATA[Entering FlightPage<br/>]]>
    </line>
    <line>
      <![CDATA[FlightPage Loaded<br/>]]>
    </line>
    <line>
      <![CDATA[Searching Flights<br/>]]>
    </line>
    <line>
      <![CDATA[Search Complete<br/>]]>
    </line>
    <line>
      <![CDATA[Search Results OK<br/>]]>
    </line>
    <line>
      <![CDATA[Filtering<br/>]]>
    </line>
    <line>
      <![CDATA[Filter Complete<br/>]]>
    </line>
    <line>
      <![CDATA[Trip Details OK<br/>]]>
    </line>
    <line>
      <![CDATA[Trip Details OK<br/>]]>
    </line>
    <line>
      <![CDATA[Trip Details OK<br/>]]>
    </line>
    <line>
      <![CDATA[Exit]]>
    </line>
  </reporter-output>
  <suite name="Default suite" duration-ms="88092" started-at="2014-07-25T13:55:51Z" finished-at="2014-07-25T13:57:19Z">
    <groups>
    </groups>
    <test name="Default test" duration-ms="88092" started-at="2014-07-25T13:55:51Z" finished-at="2014-07-25T13:57:19Z">
      <class name="com.globant.training.david_goldes.tests.Tests">
        <test-method status="PASS" signature="before()[pri:0, instance:com.globant.training.david_goldes.tests.Tests@79929190]" name="before" is-config="true" duration-ms="4193" started-at="2014-07-25T10:55:51Z" finished-at="2014-07-25T10:55:56Z">
          <reporter-output>
          </reporter-output>
        </test-method> <!-- before -->
        <test-method status="PASS" signature="flightWithUnitedAirlines()[pri:0, instance:com.globant.training.david_goldes.tests.Tests@79929190]" name="flightWithUnitedAirlines" duration-ms="83124" started-at="2014-07-25T10:55:56Z" description="Performs a Flight Only search, filters the results by United Airlines and selects the first option" finished-at="2014-07-25T10:57:19Z">
          <reporter-output>
            <line>
              <![CDATA[Entering Homepage<br/>]]>
            </line>
            <line>
              <![CDATA[Entering FlightPage<br/>]]>
            </line>
            <line>
              <![CDATA[FlightPage Loaded<br/>]]>
            </line>
            <line>
              <![CDATA[Searching Flights<br/>]]>
            </line>
            <line>
              <![CDATA[Search Complete<br/>]]>
            </line>
            <line>
              <![CDATA[Search Results OK<br/>]]>
            </line>
            <line>
              <![CDATA[Filtering<br/>]]>
            </line>
            <line>
              <![CDATA[Filter Complete<br/>]]>
            </line>
            <line>
              <![CDATA[Trip Details OK<br/>]]>
            </line>
            <line>
              <![CDATA[Trip Details OK<br/>]]>
            </line>
            <line>
              <![CDATA[Trip Details OK<br/>]]>
            </line>
            <line>
              <![CDATA[Exit]]>
            </line>
          </reporter-output>
        </test-method> <!-- flightWithUnitedAirlines -->
        <test-method status="PASS" signature="after()[pri:0, instance:com.globant.training.david_goldes.tests.Tests@79929190]" name="after" is-config="true" duration-ms="764" started-at="2014-07-25T10:57:19Z" finished-at="2014-07-25T10:57:19Z">
          <reporter-output>
          </reporter-output>
        </test-method> <!-- after -->
      </class> <!-- com.globant.training.david_goldes.tests.Tests -->
    </test> <!-- Default test -->
  </suite> <!-- Default suite -->
</testng-results>
